
Options: -U -B -P 50 -I 500 

=== Classifier model (full training set) ===

RandomForest

Bagging with 500 iterations and base learner

weka.classifiers.trees.RandomTree -K 0 -M 1.0 -V 0.001 -S 1 -U -B -do-not-check-capabilities

Time taken to build model: 87.75 seconds

Time taken to test model on training data: 47.09 seconds

=== Error on training data ===

Correctly Classified Instances      104023               99.9875 %
Incorrectly Classified Instances        13                0.0125 %
Kappa statistic                          0.9998
Mean absolute error                      0.118 
Root mean squared error                  0.1514
Relative absolute error                 26.97   %
Root relative squared error             32.3736 %
Total Number of Instances           104036     


=== Detailed Accuracy By Class ===

                 TP Rate  FP Rate  Precision  Recall   F-Measure  MCC      ROC Area  PRC Area  Class
                 1.000    0.000    1.000      1.000    1.000      1.000    1.000     1.000     toxic
                 1.000    0.000    1.000      1.000    1.000      1.000    1.000     1.000     neutral
                 1.000    0.000    1.000      1.000    1.000      1.000    1.000     1.000     anti-toxic
Weighted Avg.    1.000    0.000    1.000      1.000    1.000      1.000    1.000     1.000     


=== Confusion Matrix ===

     a     b     c   <-- classified as
 36272     1     1 |     a = toxic
    10 41177     1 |     b = neutral
     0     0 26574 |     c = anti-toxic

Time taken to perform cross-validation: 794.34 seconds


=== Stratified cross-validation ===

Correctly Classified Instances       81671               78.5026 %
Incorrectly Classified Instances     22365               21.4974 %
Kappa statistic                          0.6753
Mean absolute error                      0.2545
Root mean squared error                  0.3259
Relative absolute error                 58.1592 %
Root relative squared error             69.6727 %
Total Number of Instances           104036     


=== Detailed Accuracy By Class ===

                 TP Rate  FP Rate  Precision  Recall   F-Measure  MCC      ROC Area  PRC Area  Class
                 0.755    0.142    0.740      0.755    0.747      0.610    0.909     0.829     toxic
                 0.677    0.137    0.765      0.677    0.718      0.554    0.865     0.783     neutral
                 0.994    0.054    0.864      0.994    0.924      0.900    0.998     0.995     anti-toxic
Weighted Avg.    0.785    0.117    0.781      0.785    0.781      0.662    0.914     0.853     


=== Confusion Matrix ===

     a     b     c   <-- classified as
 27369  8449   456 |     a = toxic
  9594 27896  3698 |     b = neutral
    24   144 26406 |     c = anti-toxic

