
Options: -B -U -P 60 -I 500 

=== Classifier model (full training set) ===

RandomForest

Bagging with 500 iterations and base learner

weka.classifiers.trees.RandomTree -K 0 -M 1.0 -V 0.001 -S 1 -U -B -do-not-check-capabilities

Time taken to build model: 79.34 seconds

Time taken to test model on training data: 43.63 seconds

=== Error on training data ===

Correctly Classified Instances      104036              100      %
Incorrectly Classified Instances         0                0      %
Kappa statistic                          1     
Mean absolute error                      0.1   
Root mean squared error                  0.1311
Relative absolute error                 22.8491 %
Root relative squared error             28.0196 %
Total Number of Instances           104036     


=== Detailed Accuracy By Class ===

                 TP Rate  FP Rate  Precision  Recall   F-Measure  MCC      ROC Area  PRC Area  Class
                 1.000    0.000    1.000      1.000    1.000      1.000    1.000     1.000     toxic
                 1.000    0.000    1.000      1.000    1.000      1.000    1.000     1.000     neutral
                 1.000    0.000    1.000      1.000    1.000      1.000    1.000     1.000     anti-toxic
Weighted Avg.    1.000    0.000    1.000      1.000    1.000      1.000    1.000     1.000     


=== Confusion Matrix ===

     a     b     c   <-- classified as
 36274     0     0 |     a = toxic
     0 41188     0 |     b = neutral
     0     0 26574 |     c = anti-toxic

Time taken to perform cross-validation: 757.94 seconds


=== Stratified cross-validation ===

Correctly Classified Instances       81783               78.6103 %
Incorrectly Classified Instances     22253               21.3897 %
Kappa statistic                          0.6768
Mean absolute error                      0.2467
Root mean squared error                  0.3226
Relative absolute error                 56.3795 %
Root relative squared error             68.9616 %
Total Number of Instances           104036     


=== Detailed Accuracy By Class ===

                 TP Rate  FP Rate  Precision  Recall   F-Measure  MCC      ROC Area  PRC Area  Class
                 0.752    0.142    0.739      0.752    0.745      0.608    0.908     0.826     toxic
                 0.683    0.139    0.763      0.683    0.721      0.556    0.866     0.783     neutral
                 0.994    0.050    0.871      0.994    0.928      0.905    0.998     0.996     anti-toxic
Weighted Avg.    0.786    0.117    0.782      0.786    0.782      0.663    0.914     0.852     


=== Confusion Matrix ===

     a     b     c   <-- classified as
 27263  8583   428 |     a = toxic
  9593 28114  3481 |     b = neutral
    15   153 26406 |     c = anti-toxic

