The system is: Linux - 2.6.32-696.18.7.el6.x86_64 - x86_64
Compiling the CXX compiler identification source file "CMakeCXXCompilerId.cpp" succeeded.
Compiler: /apps/gcc/6.4.0/bin/c++ 
Build flags: 
Id flags: 

The output was:
0


Compilation of the CXX compiler identification source "CMakeCXXCompilerId.cpp" produced "a.out"

The CXX compiler identification is GNU, found in "/fslhome/tjense25/fsl_groups/fslg_genome/pep_seq/pep-seq-pipeline/cppScripts/build/CMakeFiles/3.6.2/CompilerIdCXX/a.out"

Determining if the CXX compiler works passed with the following output:
Change Dir: /fslhome/tjense25/fsl_groups/fslg_genome/pep_seq/pep-seq-pipeline/cppScripts/build/CMakeFiles/CMakeTmp

Run Build Command:"/usr/bin/gmake" "cmTC_f1137/fast"
/usr/bin/gmake -f CMakeFiles/cmTC_f1137.dir/build.make CMakeFiles/cmTC_f1137.dir/build
gmake[1]: Entering directory `/panfs/pan.fsl.byu.edu/home/grp/fslg_genome/pep_seq/pep-seq-pipeline/cppScripts/build/CMakeFiles/CMakeTmp'
Building CXX object CMakeFiles/cmTC_f1137.dir/testCXXCompiler.cxx.o
/apps/gcc/6.4.0/bin/c++      -o CMakeFiles/cmTC_f1137.dir/testCXXCompiler.cxx.o -c /fslhome/tjense25/fsl_groups/fslg_genome/pep_seq/pep-seq-pipeline/cppScripts/build/CMakeFiles/CMakeTmp/testCXXCompiler.cxx
Linking CXX executable cmTC_f1137
/zapps/cmake/3.6.2/bin/cmake -E cmake_link_script CMakeFiles/cmTC_f1137.dir/link.txt --verbose=1
/apps/gcc/6.4.0/bin/c++        CMakeFiles/cmTC_f1137.dir/testCXXCompiler.cxx.o  -o cmTC_f1137 
gmake[1]: Leaving directory `/panfs/pan.fsl.byu.edu/home/grp/fslg_genome/pep_seq/pep-seq-pipeline/cppScripts/build/CMakeFiles/CMakeTmp'


Detecting CXX compiler ABI info compiled with the following output:
Change Dir: /fslhome/tjense25/fsl_groups/fslg_genome/pep_seq/pep-seq-pipeline/cppScripts/build/CMakeFiles/CMakeTmp

Run Build Command:"/usr/bin/gmake" "cmTC_8772e/fast"
/usr/bin/gmake -f CMakeFiles/cmTC_8772e.dir/build.make CMakeFiles/cmTC_8772e.dir/build
gmake[1]: Entering directory `/panfs/pan.fsl.byu.edu/home/grp/fslg_genome/pep_seq/pep-seq-pipeline/cppScripts/build/CMakeFiles/CMakeTmp'
Building CXX object CMakeFiles/cmTC_8772e.dir/CMakeCXXCompilerABI.cpp.o
/apps/gcc/6.4.0/bin/c++      -o CMakeFiles/cmTC_8772e.dir/CMakeCXXCompilerABI.cpp.o -c /zapps/cmake/3.6.2/share/cmake-3.6/Modules/CMakeCXXCompilerABI.cpp
Linking CXX executable cmTC_8772e
/zapps/cmake/3.6.2/bin/cmake -E cmake_link_script CMakeFiles/cmTC_8772e.dir/link.txt --verbose=1
/apps/gcc/6.4.0/bin/c++       -v CMakeFiles/cmTC_8772e.dir/CMakeCXXCompilerABI.cpp.o  -o cmTC_8772e  
Using built-in specs.
COLLECT_GCC=/apps/gcc/6.4.0/bin/c++
COLLECT_LTO_WRAPPER=/zapps/gcc/6.4.0/bin/../libexec/gcc/x86_64-pc-linux-gnu/6.4.0/lto-wrapper
Target: x86_64-pc-linux-gnu
Configured with: /apps/src/gcc/src/gcc-6.4.0/configure --prefix=/apps/gcc/6.4.0 --enable-languages=c,c++,fortran --disable-multilib --enable-lto --with-diagnostics-color=auto --disable-linux-futex --with-tune=broadwell --with-arch=sandybridge --enable-__cxa_atexit
Thread model: posix
gcc version 6.4.0 (GCC) 
COMPILER_PATH=/zapps/gcc/6.4.0/bin/../libexec/gcc/x86_64-pc-linux-gnu/6.4.0/:/zapps/gcc/6.4.0/bin/../libexec/gcc/
LIBRARY_PATH=/zapps/gcc/6.4.0/bin/../lib/gcc/x86_64-pc-linux-gnu/6.4.0/:/zapps/gcc/6.4.0/bin/../lib/gcc/:/zapps/gcc/6.4.0/bin/../lib/gcc/x86_64-pc-linux-gnu/6.4.0/../../../../lib64/:/lib/../lib64/:/usr/lib/../lib64/:/apps/r/3.3.0/lib64/R/lib/:/apps/jdk/1.8.0-121/lib/:/apps/openmpi/3.0.0/gcc-6.4.0/lib/:/zapps/gcc/6.4.0/bin/../lib/gcc/x86_64-pc-linux-gnu/6.4.0/../../../:/lib/:/usr/lib/
COLLECT_GCC_OPTIONS='-v' '-o' 'cmTC_8772e' '-shared-libgcc' '-mtune=broadwell' '-march=sandybridge'
 /zapps/gcc/6.4.0/bin/../libexec/gcc/x86_64-pc-linux-gnu/6.4.0/collect2 -plugin /zapps/gcc/6.4.0/bin/../libexec/gcc/x86_64-pc-linux-gnu/6.4.0/liblto_plugin.so -plugin-opt=/zapps/gcc/6.4.0/bin/../libexec/gcc/x86_64-pc-linux-gnu/6.4.0/lto-wrapper -plugin-opt=-fresolution=/tmp/ccm8a5oC.res -plugin-opt=-pass-through=-lgcc_s -plugin-opt=-pass-through=-lgcc -plugin-opt=-pass-through=-lc -plugin-opt=-pass-through=-lgcc_s -plugin-opt=-pass-through=-lgcc --eh-frame-hdr -m elf_x86_64 -dynamic-linker /lib64/ld-linux-x86-64.so.2 -o cmTC_8772e /usr/lib/../lib64/crt1.o /usr/lib/../lib64/crti.o /zapps/gcc/6.4.0/bin/../lib/gcc/x86_64-pc-linux-gnu/6.4.0/crtbegin.o -L/zapps/gcc/6.4.0/bin/../lib/gcc/x86_64-pc-linux-gnu/6.4.0 -L/zapps/gcc/6.4.0/bin/../lib/gcc -L/zapps/gcc/6.4.0/bin/../lib/gcc/x86_64-pc-linux-gnu/6.4.0/../../../../lib64 -L/lib/../lib64 -L/usr/lib/../lib64 -L/apps/r/3.3.0/lib64/R/lib -L/apps/jdk/1.8.0-121/lib -L/apps/openmpi/3.0.0/gcc-6.4.0/lib -L/zapps/gcc/6.4.0/bin/../lib/gcc/x86_64-pc-linux-gnu/6.4.0/../../.. CMakeFiles/cmTC_8772e.dir/CMakeCXXCompilerABI.cpp.o -lstdc++ -lm -lgcc_s -lgcc -lc -lgcc_s -lgcc /zapps/gcc/6.4.0/bin/../lib/gcc/x86_64-pc-linux-gnu/6.4.0/crtend.o /usr/lib/../lib64/crtn.o
COLLECT_GCC_OPTIONS='-v' '-o' 'cmTC_8772e' '-shared-libgcc' '-mtune=broadwell' '-march=sandybridge'
gmake[1]: Leaving directory `/panfs/pan.fsl.byu.edu/home/grp/fslg_genome/pep_seq/pep-seq-pipeline/cppScripts/build/CMakeFiles/CMakeTmp'


Parsed CXX implicit link information from above output:
  link line regex: [^( *|.*[/\])(ld|([^/\]+-)?ld|collect2)[^/\]*( |$)]
  ignore line: [Change Dir: /fslhome/tjense25/fsl_groups/fslg_genome/pep_seq/pep-seq-pipeline/cppScripts/build/CMakeFiles/CMakeTmp]
  ignore line: []
  ignore line: [Run Build Command:"/usr/bin/gmake" "cmTC_8772e/fast"]
  ignore line: [/usr/bin/gmake -f CMakeFiles/cmTC_8772e.dir/build.make CMakeFiles/cmTC_8772e.dir/build]
  ignore line: [gmake[1]: Entering directory `/panfs/pan.fsl.byu.edu/home/grp/fslg_genome/pep_seq/pep-seq-pipeline/cppScripts/build/CMakeFiles/CMakeTmp']
  ignore line: [Building CXX object CMakeFiles/cmTC_8772e.dir/CMakeCXXCompilerABI.cpp.o]
  ignore line: [/apps/gcc/6.4.0/bin/c++      -o CMakeFiles/cmTC_8772e.dir/CMakeCXXCompilerABI.cpp.o -c /zapps/cmake/3.6.2/share/cmake-3.6/Modules/CMakeCXXCompilerABI.cpp]
  ignore line: [Linking CXX executable cmTC_8772e]
  ignore line: [/zapps/cmake/3.6.2/bin/cmake -E cmake_link_script CMakeFiles/cmTC_8772e.dir/link.txt --verbose=1]
  ignore line: [/apps/gcc/6.4.0/bin/c++       -v CMakeFiles/cmTC_8772e.dir/CMakeCXXCompilerABI.cpp.o  -o cmTC_8772e  ]
  ignore line: [Using built-in specs.]
  ignore line: [COLLECT_GCC=/apps/gcc/6.4.0/bin/c++]
  ignore line: [COLLECT_LTO_WRAPPER=/zapps/gcc/6.4.0/bin/../libexec/gcc/x86_64-pc-linux-gnu/6.4.0/lto-wrapper]
  ignore line: [Target: x86_64-pc-linux-gnu]
  ignore line: [Configured with: /apps/src/gcc/src/gcc-6.4.0/configure --prefix=/apps/gcc/6.4.0 --enable-languages=c,c++,fortran --disable-multilib --enable-lto --with-diagnostics-color=auto --disable-linux-futex --with-tune=broadwell --with-arch=sandybridge --enable-__cxa_atexit]
  ignore line: [Thread model: posix]
  ignore line: [gcc version 6.4.0 (GCC) ]
  ignore line: [COMPILER_PATH=/zapps/gcc/6.4.0/bin/../libexec/gcc/x86_64-pc-linux-gnu/6.4.0/:/zapps/gcc/6.4.0/bin/../libexec/gcc/]
  ignore line: [LIBRARY_PATH=/zapps/gcc/6.4.0/bin/../lib/gcc/x86_64-pc-linux-gnu/6.4.0/:/zapps/gcc/6.4.0/bin/../lib/gcc/:/zapps/gcc/6.4.0/bin/../lib/gcc/x86_64-pc-linux-gnu/6.4.0/../../../../lib64/:/lib/../lib64/:/usr/lib/../lib64/:/apps/r/3.3.0/lib64/R/lib/:/apps/jdk/1.8.0-121/lib/:/apps/openmpi/3.0.0/gcc-6.4.0/lib/:/zapps/gcc/6.4.0/bin/../lib/gcc/x86_64-pc-linux-gnu/6.4.0/../../../:/lib/:/usr/lib/]
  ignore line: [COLLECT_GCC_OPTIONS='-v' '-o' 'cmTC_8772e' '-shared-libgcc' '-mtune=broadwell' '-march=sandybridge']
  link line: [ /zapps/gcc/6.4.0/bin/../libexec/gcc/x86_64-pc-linux-gnu/6.4.0/collect2 -plugin /zapps/gcc/6.4.0/bin/../libexec/gcc/x86_64-pc-linux-gnu/6.4.0/liblto_plugin.so -plugin-opt=/zapps/gcc/6.4.0/bin/../libexec/gcc/x86_64-pc-linux-gnu/6.4.0/lto-wrapper -plugin-opt=-fresolution=/tmp/ccm8a5oC.res -plugin-opt=-pass-through=-lgcc_s -plugin-opt=-pass-through=-lgcc -plugin-opt=-pass-through=-lc -plugin-opt=-pass-through=-lgcc_s -plugin-opt=-pass-through=-lgcc --eh-frame-hdr -m elf_x86_64 -dynamic-linker /lib64/ld-linux-x86-64.so.2 -o cmTC_8772e /usr/lib/../lib64/crt1.o /usr/lib/../lib64/crti.o /zapps/gcc/6.4.0/bin/../lib/gcc/x86_64-pc-linux-gnu/6.4.0/crtbegin.o -L/zapps/gcc/6.4.0/bin/../lib/gcc/x86_64-pc-linux-gnu/6.4.0 -L/zapps/gcc/6.4.0/bin/../lib/gcc -L/zapps/gcc/6.4.0/bin/../lib/gcc/x86_64-pc-linux-gnu/6.4.0/../../../../lib64 -L/lib/../lib64 -L/usr/lib/../lib64 -L/apps/r/3.3.0/lib64/R/lib -L/apps/jdk/1.8.0-121/lib -L/apps/openmpi/3.0.0/gcc-6.4.0/lib -L/zapps/gcc/6.4.0/bin/../lib/gcc/x86_64-pc-linux-gnu/6.4.0/../../.. CMakeFiles/cmTC_8772e.dir/CMakeCXXCompilerABI.cpp.o -lstdc++ -lm -lgcc_s -lgcc -lc -lgcc_s -lgcc /zapps/gcc/6.4.0/bin/../lib/gcc/x86_64-pc-linux-gnu/6.4.0/crtend.o /usr/lib/../lib64/crtn.o]
    arg [/zapps/gcc/6.4.0/bin/../libexec/gcc/x86_64-pc-linux-gnu/6.4.0/collect2] ==> ignore
    arg [-plugin] ==> ignore
    arg [/zapps/gcc/6.4.0/bin/../libexec/gcc/x86_64-pc-linux-gnu/6.4.0/liblto_plugin.so] ==> ignore
    arg [-plugin-opt=/zapps/gcc/6.4.0/bin/../libexec/gcc/x86_64-pc-linux-gnu/6.4.0/lto-wrapper] ==> ignore
    arg [-plugin-opt=-fresolution=/tmp/ccm8a5oC.res] ==> ignore
    arg [-plugin-opt=-pass-through=-lgcc_s] ==> ignore
    arg [-plugin-opt=-pass-through=-lgcc] ==> ignore
    arg [-plugin-opt=-pass-through=-lc] ==> ignore
    arg [-plugin-opt=-pass-through=-lgcc_s] ==> ignore
    arg [-plugin-opt=-pass-through=-lgcc] ==> ignore
    arg [--eh-frame-hdr] ==> ignore
    arg [-m] ==> ignore
    arg [elf_x86_64] ==> ignore
    arg [-dynamic-linker] ==> ignore
    arg [/lib64/ld-linux-x86-64.so.2] ==> ignore
    arg [-o] ==> ignore
    arg [cmTC_8772e] ==> ignore
    arg [/usr/lib/../lib64/crt1.o] ==> ignore
    arg [/usr/lib/../lib64/crti.o] ==> ignore
    arg [/zapps/gcc/6.4.0/bin/../lib/gcc/x86_64-pc-linux-gnu/6.4.0/crtbegin.o] ==> ignore
    arg [-L/zapps/gcc/6.4.0/bin/../lib/gcc/x86_64-pc-linux-gnu/6.4.0] ==> dir [/zapps/gcc/6.4.0/bin/../lib/gcc/x86_64-pc-linux-gnu/6.4.0]
    arg [-L/zapps/gcc/6.4.0/bin/../lib/gcc] ==> dir [/zapps/gcc/6.4.0/bin/../lib/gcc]
    arg [-L/zapps/gcc/6.4.0/bin/../lib/gcc/x86_64-pc-linux-gnu/6.4.0/../../../../lib64] ==> dir [/zapps/gcc/6.4.0/bin/../lib/gcc/x86_64-pc-linux-gnu/6.4.0/../../../../lib64]
    arg [-L/lib/../lib64] ==> dir [/lib/../lib64]
    arg [-L/usr/lib/../lib64] ==> dir [/usr/lib/../lib64]
    arg [-L/apps/r/3.3.0/lib64/R/lib] ==> dir [/apps/r/3.3.0/lib64/R/lib]
    arg [-L/apps/jdk/1.8.0-121/lib] ==> dir [/apps/jdk/1.8.0-121/lib]
    arg [-L/apps/openmpi/3.0.0/gcc-6.4.0/lib] ==> dir [/apps/openmpi/3.0.0/gcc-6.4.0/lib]
    arg [-L/zapps/gcc/6.4.0/bin/../lib/gcc/x86_64-pc-linux-gnu/6.4.0/../../..] ==> dir [/zapps/gcc/6.4.0/bin/../lib/gcc/x86_64-pc-linux-gnu/6.4.0/../../..]
    arg [CMakeFiles/cmTC_8772e.dir/CMakeCXXCompilerABI.cpp.o] ==> ignore
    arg [-lstdc++] ==> lib [stdc++]
    arg [-lm] ==> lib [m]
    arg [-lgcc_s] ==> lib [gcc_s]
    arg [-lgcc] ==> lib [gcc]
    arg [-lc] ==> lib [c]
    arg [-lgcc_s] ==> lib [gcc_s]
    arg [-lgcc] ==> lib [gcc]
    arg [/zapps/gcc/6.4.0/bin/../lib/gcc/x86_64-pc-linux-gnu/6.4.0/crtend.o] ==> ignore
    arg [/usr/lib/../lib64/crtn.o] ==> ignore
  remove lib [gcc_s]
  remove lib [gcc]
  remove lib [gcc_s]
  remove lib [gcc]
  collapse library dir [/zapps/gcc/6.4.0/bin/../lib/gcc/x86_64-pc-linux-gnu/6.4.0] ==> [/zapps/gcc/6.4.0/lib/gcc/x86_64-pc-linux-gnu/6.4.0]
  collapse library dir [/zapps/gcc/6.4.0/bin/../lib/gcc] ==> [/zapps/gcc/6.4.0/lib/gcc]
  collapse library dir [/zapps/gcc/6.4.0/bin/../lib/gcc/x86_64-pc-linux-gnu/6.4.0/../../../../lib64] ==> [/zapps/gcc/6.4.0/lib64]
  collapse library dir [/lib/../lib64] ==> [/lib64]
  collapse library dir [/usr/lib/../lib64] ==> [/usr/lib64]
  collapse library dir [/apps/r/3.3.0/lib64/R/lib] ==> [/apps/r/3.3.0/lib64/R/lib]
  collapse library dir [/apps/jdk/1.8.0-121/lib] ==> [/apps/jdk/1.8.0-121/lib]
  collapse library dir [/apps/openmpi/3.0.0/gcc-6.4.0/lib] ==> [/apps/openmpi/3.0.0/gcc-6.4.0/lib]
  collapse library dir [/zapps/gcc/6.4.0/bin/../lib/gcc/x86_64-pc-linux-gnu/6.4.0/../../..] ==> [/zapps/gcc/6.4.0/lib]
  implicit libs: [stdc++;m;c]
  implicit dirs: [/zapps/gcc/6.4.0/lib/gcc/x86_64-pc-linux-gnu/6.4.0;/zapps/gcc/6.4.0/lib/gcc;/zapps/gcc/6.4.0/lib64;/lib64;/usr/lib64;/apps/r/3.3.0/lib64/R/lib;/apps/jdk/1.8.0-121/lib;/apps/openmpi/3.0.0/gcc-6.4.0/lib;/zapps/gcc/6.4.0/lib]
  implicit fwks: []




Detecting CXX [-std=c++14] compiler features compiled with the following output:
Change Dir: /fslhome/tjense25/fsl_groups/fslg_genome/pep_seq/pep-seq-pipeline/cppScripts/build/CMakeFiles/CMakeTmp

Run Build Command:"/usr/bin/gmake" "cmTC_eb830/fast"
/usr/bin/gmake -f CMakeFiles/cmTC_eb830.dir/build.make CMakeFiles/cmTC_eb830.dir/build
gmake[1]: Entering directory `/panfs/pan.fsl.byu.edu/home/grp/fslg_genome/pep_seq/pep-seq-pipeline/cppScripts/build/CMakeFiles/CMakeTmp'
Building CXX object CMakeFiles/cmTC_eb830.dir/feature_tests.cxx.o
/apps/gcc/6.4.0/bin/c++     -std=c++14 -o CMakeFiles/cmTC_eb830.dir/feature_tests.cxx.o -c /fslhome/tjense25/fsl_groups/fslg_genome/pep_seq/pep-seq-pipeline/cppScripts/build/CMakeFiles/feature_tests.cxx
Linking CXX executable cmTC_eb830
/zapps/cmake/3.6.2/bin/cmake -E cmake_link_script CMakeFiles/cmTC_eb830.dir/link.txt --verbose=1
/apps/gcc/6.4.0/bin/c++        CMakeFiles/cmTC_eb830.dir/feature_tests.cxx.o  -o cmTC_eb830 
gmake[1]: Leaving directory `/panfs/pan.fsl.byu.edu/home/grp/fslg_genome/pep_seq/pep-seq-pipeline/cppScripts/build/CMakeFiles/CMakeTmp'


    Feature record: CXX_FEATURE:1cxx_aggregate_default_initializers
    Feature record: CXX_FEATURE:1cxx_alias_templates
    Feature record: CXX_FEATURE:1cxx_alignas
    Feature record: CXX_FEATURE:1cxx_alignof
    Feature record: CXX_FEATURE:1cxx_attributes
    Feature record: CXX_FEATURE:1cxx_attribute_deprecated
    Feature record: CXX_FEATURE:1cxx_auto_type
    Feature record: CXX_FEATURE:1cxx_binary_literals
    Feature record: CXX_FEATURE:1cxx_constexpr
    Feature record: CXX_FEATURE:1cxx_contextual_conversions
    Feature record: CXX_FEATURE:1cxx_decltype
    Feature record: CXX_FEATURE:1cxx_decltype_auto
    Feature record: CXX_FEATURE:1cxx_decltype_incomplete_return_types
    Feature record: CXX_FEATURE:1cxx_default_function_template_args
    Feature record: CXX_FEATURE:1cxx_defaulted_functions
    Feature record: CXX_FEATURE:1cxx_defaulted_move_initializers
    Feature record: CXX_FEATURE:1cxx_delegating_constructors
    Feature record: CXX_FEATURE:1cxx_deleted_functions
    Feature record: CXX_FEATURE:1cxx_digit_separators
    Feature record: CXX_FEATURE:1cxx_enum_forward_declarations
    Feature record: CXX_FEATURE:1cxx_explicit_conversions
    Feature record: CXX_FEATURE:1cxx_extended_friend_declarations
    Feature record: CXX_FEATURE:1cxx_extern_templates
    Feature record: CXX_FEATURE:1cxx_final
    Feature record: CXX_FEATURE:1cxx_func_identifier
    Feature record: CXX_FEATURE:1cxx_generalized_initializers
    Feature record: CXX_FEATURE:1cxx_generic_lambdas
    Feature record: CXX_FEATURE:1cxx_inheriting_constructors
    Feature record: CXX_FEATURE:1cxx_inline_namespaces
    Feature record: CXX_FEATURE:1cxx_lambdas
    Feature record: CXX_FEATURE:1cxx_lambda_init_captures
    Feature record: CXX_FEATURE:1cxx_local_type_template_args
    Feature record: CXX_FEATURE:1cxx_long_long_type
    Feature record: CXX_FEATURE:1cxx_noexcept
    Feature record: CXX_FEATURE:1cxx_nonstatic_member_init
    Feature record: CXX_FEATURE:1cxx_nullptr
    Feature record: CXX_FEATURE:1cxx_override
    Feature record: CXX_FEATURE:1cxx_range_for
    Feature record: CXX_FEATURE:1cxx_raw_string_literals
    Feature record: CXX_FEATURE:1cxx_reference_qualified_functions
    Feature record: CXX_FEATURE:1cxx_relaxed_constexpr
    Feature record: CXX_FEATURE:1cxx_return_type_deduction
    Feature record: CXX_FEATURE:1cxx_right_angle_brackets
    Feature record: CXX_FEATURE:1cxx_rvalue_references
    Feature record: CXX_FEATURE:1cxx_sizeof_member
    Feature record: CXX_FEATURE:1cxx_static_assert
    Feature record: CXX_FEATURE:1cxx_strong_enums
    Feature record: CXX_FEATURE:1cxx_template_template_parameters
    Feature record: CXX_FEATURE:1cxx_thread_local
    Feature record: CXX_FEATURE:1cxx_trailing_return_types
    Feature record: CXX_FEATURE:1cxx_unicode_literals
    Feature record: CXX_FEATURE:1cxx_uniform_initialization
    Feature record: CXX_FEATURE:1cxx_unrestricted_unions
    Feature record: CXX_FEATURE:1cxx_user_literals
    Feature record: CXX_FEATURE:1cxx_variable_templates
    Feature record: CXX_FEATURE:1cxx_variadic_macros
    Feature record: CXX_FEATURE:1cxx_variadic_templates


Detecting CXX [-std=c++11] compiler features compiled with the following output:
Change Dir: /fslhome/tjense25/fsl_groups/fslg_genome/pep_seq/pep-seq-pipeline/cppScripts/build/CMakeFiles/CMakeTmp

Run Build Command:"/usr/bin/gmake" "cmTC_509c9/fast"
/usr/bin/gmake -f CMakeFiles/cmTC_509c9.dir/build.make CMakeFiles/cmTC_509c9.dir/build
gmake[1]: Entering directory `/panfs/pan.fsl.byu.edu/home/grp/fslg_genome/pep_seq/pep-seq-pipeline/cppScripts/build/CMakeFiles/CMakeTmp'
Building CXX object CMakeFiles/cmTC_509c9.dir/feature_tests.cxx.o
/apps/gcc/6.4.0/bin/c++     -std=c++11 -o CMakeFiles/cmTC_509c9.dir/feature_tests.cxx.o -c /fslhome/tjense25/fsl_groups/fslg_genome/pep_seq/pep-seq-pipeline/cppScripts/build/CMakeFiles/feature_tests.cxx
Linking CXX executable cmTC_509c9
/zapps/cmake/3.6.2/bin/cmake -E cmake_link_script CMakeFiles/cmTC_509c9.dir/link.txt --verbose=1
/apps/gcc/6.4.0/bin/c++        CMakeFiles/cmTC_509c9.dir/feature_tests.cxx.o  -o cmTC_509c9 
gmake[1]: Leaving directory `/panfs/pan.fsl.byu.edu/home/grp/fslg_genome/pep_seq/pep-seq-pipeline/cppScripts/build/CMakeFiles/CMakeTmp'


    Feature record: CXX_FEATURE:0cxx_aggregate_default_initializers
    Feature record: CXX_FEATURE:1cxx_alias_templates
    Feature record: CXX_FEATURE:1cxx_alignas
    Feature record: CXX_FEATURE:1cxx_alignof
    Feature record: CXX_FEATURE:1cxx_attributes
    Feature record: CXX_FEATURE:0cxx_attribute_deprecated
    Feature record: CXX_FEATURE:1cxx_auto_type
    Feature record: CXX_FEATURE:0cxx_binary_literals
    Feature record: CXX_FEATURE:1cxx_constexpr
    Feature record: CXX_FEATURE:0cxx_contextual_conversions
    Feature record: CXX_FEATURE:1cxx_decltype
    Feature record: CXX_FEATURE:0cxx_decltype_auto
    Feature record: CXX_FEATURE:1cxx_decltype_incomplete_return_types
    Feature record: CXX_FEATURE:1cxx_default_function_template_args
    Feature record: CXX_FEATURE:1cxx_defaulted_functions
    Feature record: CXX_FEATURE:1cxx_defaulted_move_initializers
    Feature record: CXX_FEATURE:1cxx_delegating_constructors
    Feature record: CXX_FEATURE:1cxx_deleted_functions
    Feature record: CXX_FEATURE:0cxx_digit_separators
    Feature record: CXX_FEATURE:1cxx_enum_forward_declarations
    Feature record: CXX_FEATURE:1cxx_explicit_conversions
    Feature record: CXX_FEATURE:1cxx_extended_friend_declarations
    Feature record: CXX_FEATURE:1cxx_extern_templates
    Feature record: CXX_FEATURE:1cxx_final
    Feature record: CXX_FEATURE:1cxx_func_identifier
    Feature record: CXX_FEATURE:1cxx_generalized_initializers
    Feature record: CXX_FEATURE:0cxx_generic_lambdas
    Feature record: CXX_FEATURE:1cxx_inheriting_constructors
    Feature record: CXX_FEATURE:1cxx_inline_namespaces
    Feature record: CXX_FEATURE:1cxx_lambdas
    Feature record: CXX_FEATURE:0cxx_lambda_init_captures
    Feature record: CXX_FEATURE:1cxx_local_type_template_args
    Feature record: CXX_FEATURE:1cxx_long_long_type
    Feature record: CXX_FEATURE:1cxx_noexcept
    Feature record: CXX_FEATURE:1cxx_nonstatic_member_init
    Feature record: CXX_FEATURE:1cxx_nullptr
    Feature record: CXX_FEATURE:1cxx_override
    Feature record: CXX_FEATURE:1cxx_range_for
    Feature record: CXX_FEATURE:1cxx_raw_string_literals
    Feature record: CXX_FEATURE:1cxx_reference_qualified_functions
    Feature record: CXX_FEATURE:0cxx_relaxed_constexpr
    Feature record: CXX_FEATURE:0cxx_return_type_deduction
    Feature record: CXX_FEATURE:1cxx_right_angle_brackets
    Feature record: CXX_FEATURE:1cxx_rvalue_references
    Feature record: CXX_FEATURE:1cxx_sizeof_member
    Feature record: CXX_FEATURE:1cxx_static_assert
    Feature record: CXX_FEATURE:1cxx_strong_enums
    Feature record: CXX_FEATURE:1cxx_template_template_parameters
    Feature record: CXX_FEATURE:1cxx_thread_local
    Feature record: CXX_FEATURE:1cxx_trailing_return_types
    Feature record: CXX_FEATURE:1cxx_unicode_literals
    Feature record: CXX_FEATURE:1cxx_uniform_initialization
    Feature record: CXX_FEATURE:1cxx_unrestricted_unions
    Feature record: CXX_FEATURE:1cxx_user_literals
    Feature record: CXX_FEATURE:0cxx_variable_templates
    Feature record: CXX_FEATURE:1cxx_variadic_macros
    Feature record: CXX_FEATURE:1cxx_variadic_templates


Detecting CXX [-std=c++98] compiler features compiled with the following output:
Change Dir: /fslhome/tjense25/fsl_groups/fslg_genome/pep_seq/pep-seq-pipeline/cppScripts/build/CMakeFiles/CMakeTmp

Run Build Command:"/usr/bin/gmake" "cmTC_2a956/fast"
/usr/bin/gmake -f CMakeFiles/cmTC_2a956.dir/build.make CMakeFiles/cmTC_2a956.dir/build
gmake[1]: Entering directory `/panfs/pan.fsl.byu.edu/home/grp/fslg_genome/pep_seq/pep-seq-pipeline/cppScripts/build/CMakeFiles/CMakeTmp'
Building CXX object CMakeFiles/cmTC_2a956.dir/feature_tests.cxx.o
/apps/gcc/6.4.0/bin/c++     -std=c++98 -o CMakeFiles/cmTC_2a956.dir/feature_tests.cxx.o -c /fslhome/tjense25/fsl_groups/fslg_genome/pep_seq/pep-seq-pipeline/cppScripts/build/CMakeFiles/feature_tests.cxx
Linking CXX executable cmTC_2a956
/zapps/cmake/3.6.2/bin/cmake -E cmake_link_script CMakeFiles/cmTC_2a956.dir/link.txt --verbose=1
/apps/gcc/6.4.0/bin/c++        CMakeFiles/cmTC_2a956.dir/feature_tests.cxx.o  -o cmTC_2a956 
gmake[1]: Leaving directory `/panfs/pan.fsl.byu.edu/home/grp/fslg_genome/pep_seq/pep-seq-pipeline/cppScripts/build/CMakeFiles/CMakeTmp'


    Feature record: CXX_FEATURE:0cxx_aggregate_default_initializers
    Feature record: CXX_FEATURE:0cxx_alias_templates
    Feature record: CXX_FEATURE:0cxx_alignas
    Feature record: CXX_FEATURE:0cxx_alignof
    Feature record: CXX_FEATURE:0cxx_attributes
    Feature record: CXX_FEATURE:0cxx_attribute_deprecated
    Feature record: CXX_FEATURE:0cxx_auto_type
    Feature record: CXX_FEATURE:0cxx_binary_literals
    Feature record: CXX_FEATURE:0cxx_constexpr
    Feature record: CXX_FEATURE:0cxx_contextual_conversions
    Feature record: CXX_FEATURE:0cxx_decltype
    Feature record: CXX_FEATURE:0cxx_decltype_auto
    Feature record: CXX_FEATURE:0cxx_decltype_incomplete_return_types
    Feature record: CXX_FEATURE:0cxx_default_function_template_args
    Feature record: CXX_FEATURE:0cxx_defaulted_functions
    Feature record: CXX_FEATURE:0cxx_defaulted_move_initializers
    Feature record: CXX_FEATURE:0cxx_delegating_constructors
    Feature record: CXX_FEATURE:0cxx_deleted_functions
    Feature record: CXX_FEATURE:0cxx_digit_separators
    Feature record: CXX_FEATURE:0cxx_enum_forward_declarations
    Feature record: CXX_FEATURE:0cxx_explicit_conversions
    Feature record: CXX_FEATURE:0cxx_extended_friend_declarations
    Feature record: CXX_FEATURE:0cxx_extern_templates
    Feature record: CXX_FEATURE:0cxx_final
    Feature record: CXX_FEATURE:0cxx_func_identifier
    Feature record: CXX_FEATURE:0cxx_generalized_initializers
    Feature record: CXX_FEATURE:0cxx_generic_lambdas
    Feature record: CXX_FEATURE:0cxx_inheriting_constructors
    Feature record: CXX_FEATURE:0cxx_inline_namespaces
    Feature record: CXX_FEATURE:0cxx_lambdas
    Feature record: CXX_FEATURE:0cxx_lambda_init_captures
    Feature record: CXX_FEATURE:0cxx_local_type_template_args
    Feature record: CXX_FEATURE:0cxx_long_long_type
    Feature record: CXX_FEATURE:0cxx_noexcept
    Feature record: CXX_FEATURE:0cxx_nonstatic_member_init
    Feature record: CXX_FEATURE:0cxx_nullptr
    Feature record: CXX_FEATURE:0cxx_override
    Feature record: CXX_FEATURE:0cxx_range_for
    Feature record: CXX_FEATURE:0cxx_raw_string_literals
    Feature record: CXX_FEATURE:0cxx_reference_qualified_functions
    Feature record: CXX_FEATURE:0cxx_relaxed_constexpr
    Feature record: CXX_FEATURE:0cxx_return_type_deduction
    Feature record: CXX_FEATURE:0cxx_right_angle_brackets
    Feature record: CXX_FEATURE:0cxx_rvalue_references
    Feature record: CXX_FEATURE:0cxx_sizeof_member
    Feature record: CXX_FEATURE:0cxx_static_assert
    Feature record: CXX_FEATURE:0cxx_strong_enums
    Feature record: CXX_FEATURE:1cxx_template_template_parameters
    Feature record: CXX_FEATURE:0cxx_thread_local
    Feature record: CXX_FEATURE:0cxx_trailing_return_types
    Feature record: CXX_FEATURE:0cxx_unicode_literals
    Feature record: CXX_FEATURE:0cxx_uniform_initialization
    Feature record: CXX_FEATURE:0cxx_unrestricted_unions
    Feature record: CXX_FEATURE:0cxx_user_literals
    Feature record: CXX_FEATURE:0cxx_variable_templates
    Feature record: CXX_FEATURE:0cxx_variadic_macros
    Feature record: CXX_FEATURE:0cxx_variadic_templates
